\BOOKMARK [0][-]{chapter.1}{Chapter 1\204Introduction}{}% 1
\BOOKMARK [1][-]{section.1.1}{Biometrics and Coding Style}{chapter.1}% 2
\BOOKMARK [1][-]{section.1.2}{Motivation}{chapter.1}% 3
\BOOKMARK [1][-]{section.1.3}{Applications}{chapter.1}% 4
\BOOKMARK [2][-]{subsection.1.3.1}{Plagiarism Detection}{section.1.3}% 5
\BOOKMARK [2][-]{subsection.1.3.2}{Copyright Infringement}{section.1.3}% 6
\BOOKMARK [2][-]{subsection.1.3.3}{Cyber Attack Identification}{section.1.3}% 7
\BOOKMARK [2][-]{subsection.1.3.4}{Exposing Anonymous Programmers}{section.1.3}% 8
\BOOKMARK [1][-]{section.1.4}{Challenges}{chapter.1}% 9
\BOOKMARK [1][-]{section.1.5}{Related Work}{chapter.1}% 10
\BOOKMARK [2][-]{subsection.1.5.1}{Source Code Authorship Attribution}{section.1.5}% 11
\BOOKMARK [2][-]{subsection.1.5.2}{Text Authorship Attribution}{section.1.5}% 12
\BOOKMARK [2][-]{subsection.1.5.3}{Deep Learning}{section.1.5}% 13
\BOOKMARK [1][-]{section.1.6}{Contribution}{chapter.1}% 14
\BOOKMARK [0][-]{chapter.2}{Chapter 2\204Methodology}{}% 15
\BOOKMARK [1][-]{section.2.1}{Problem Formulations}{chapter.2}% 16
\BOOKMARK [1][-]{section.2.2}{Datasets}{chapter.2}% 17
\BOOKMARK [2][-]{subsection.2.2.1}{Google Code Jam}{section.2.2}% 18
\BOOKMARK [2][-]{subsection.2.2.2}{Codeforces}{section.2.2}% 19
\BOOKMARK [1][-]{section.2.3}{Source Code Embedding Model}{chapter.2}% 20
\BOOKMARK [2][-]{subsection.2.3.1}{Coding Style Descriptor}{section.2.3}% 21
\BOOKMARK [2][-]{subsection.2.3.2}{Models}{section.2.3}% 22
\BOOKMARK [3][-]{subsubsection.2.3.2.1}{Char-Level CNNs}{subsection.2.3.2}% 23
\BOOKMARK [4][-]{section*.1}{Network Architecture}{subsubsection.2.3.2.1}% 24
\BOOKMARK [3][-]{subsubsection.2.3.2.2}{Hierarchical LSTMs}{subsection.2.3.2}% 25
\BOOKMARK [4][-]{section*.2}{Network Architecture}{subsubsection.2.3.2.2}% 26
\BOOKMARK [2][-]{subsection.2.3.3}{Optimization}{section.2.3}% 27
\BOOKMARK [0][-]{chapter.3}{Chapter 3\204Evaluation}{}% 28
\BOOKMARK [0][-]{chapter.4}{Chapter 4\204Conclusion}{}% 29
